<?xml version="1.0" encoding="UTF-8"?>
<testng-results skipped="1" failed="0" total="1" passed="0">
  <reporter-output>
  </reporter-output>
  <suite name="Default suite" duration-ms="48922" started-at="2017-04-27T10:21:35Z" finished-at="2017-04-27T10:22:24Z">
    <groups>
    </groups>
    <test name="Default test" duration-ms="48922" started-at="2017-04-27T10:21:35Z" finished-at="2017-04-27T10:22:24Z">
      <class name="pro1.prjct1.AppTest">
        <test-method status="FAIL" signature="launch()[pri:0, instance:pro1.prjct1.AppTest@2344fc66]" name="launch" is-config="true" duration-ms="0" started-at="2017-04-27T15:51:35Z" finished-at="2017-04-27T15:51:35Z">
          <exception class="org.openqa.selenium.WebDriverException">
            <message>
              <![CDATA[Failed to connect to binary FirefoxBinary(C:\Program Files (x86)\Mozilla Firefox\firefox.exe) on port 7055; process output follows: 
	DEBUG	Calling bootstrap method startup on e10srollout@mozilla.org version 1.0
1493288499808	addons.xpi	DEBUG	Registering manifest for C:\Program Files (x86)\Mozilla Firefox\browser\features\firefox@getpocket.com.xpi
1493288499809	addons.xpi	DEBUG	Calling bootstrap method startup on firefox@getpocket.com version 1.0.2
1493288499810	addons.xpi	DEBUG	Registering manifest for C:\Program Files (x86)\Mozilla Firefox\browser\features\loop@mozilla.org.xpi
1493288499811	addons.xpi	DEBUG	Calling bootstrap method startup on loop@mozilla.org version 1.3.2
1493288499837	addons.xpi	DEBUG	Registering manifest for C:\Program Files (x86)\Mozilla Firefox\browser\features\websensehelper@mozilla.org.xpi
1493288499838	addons.xpi	DEBUG	Calling bootstrap method startup on websensehelper@mozilla.org version 1.0
1493288499842	addons.manager	DEBUG	Registering shutdown blocker for XPIProvider
1493288499842	addons.manager	DEBUG	Provider finished startup: XPIProvider
1493288499843	addons.manager	DEBUG	Starting provider: LightweightThemeManager
1493288499843	addons.manager	DEBUG	Registering shutdown blocker for LightweightThemeManager
1493288499843	addons.manager	DEBUG	Provider finished startup: LightweightThemeManager
1493288499844	addons.manager	DEBUG	Starting provider: GMPProvider
1493288499852	addons.manager	DEBUG	Registering shutdown blocker for GMPProvider
1493288499853	addons.manager	DEBUG	Provider finished startup: GMPProvider
1493288499853	addons.manager	DEBUG	Starting provider: PluginProvider
1493288499853	addons.manager	DEBUG	Registering shutdown blocker for PluginProvider
1493288499856	addons.manager	DEBUG	Provider finished startup: PluginProvider
1493288499857	addons.manager	DEBUG	Completed startup sequence
1493288501609	addons.manager	DEBUG	Starting provider: <unnamed-provider>
1493288501609	addons.manager	DEBUG	Registering shutdown blocker for <unnamed-provider>
1493288501609	addons.manager	DEBUG	Provider finished startup: <unnamed-provider>
1493288502087	DeferredSave.extensions.json	DEBUG	Write succeeded
1493288502088	addons.xpi-utils	DEBUG	XPI Database saved, setting schema version preference to 17
1493288502088	DeferredSave.extensions.json	DEBUG	Starting timer
1493288502123	DeferredSave.extensions.json	DEBUG	Starting write
1493288502146	addons.repository	DEBUG	No addons.json found.
1493288502147	DeferredSave.addons.json	DEBUG	Save changes
1493288502150	DeferredSave.addons.json	DEBUG	Starting timer
1493288502205	addons.manager	DEBUG	Starting provider: PreviousExperimentProvider
1493288502205	addons.manager	DEBUG	Registering shutdown blocker for PreviousExperimentProvider
1493288502205	addons.manager	DEBUG	Provider finished startup: PreviousExperimentProvider
1493288502211	DeferredSave.addons.json	DEBUG	Starting write
1493288502218	DeferredSave.extensions.json	DEBUG	Write succeeded
1493288502252	DeferredSave.addons.json	DEBUG	Write succeeded
1493288509213	addons.xpi	DEBUG	Calling bootstrap method shutdown on e10srollout@mozilla.org version 1.0
1493288509213	addons.xpi	DEBUG	Calling bootstrap method shutdown on firefox@getpocket.com version 1.0.2
1493288509214	addons.xpi	DEBUG	Calling bootstrap method shutdown on loop@mozilla.org version 1.3.2
1493288509217	addons.xpi	DEBUG	Calling bootstrap method shutdown on websensehelper@mozilla.org version 1.0
1493288509584	addons.manager	DEBUG	shutdown
1493288509585	addons.manager	DEBUG	Calling shutdown blocker for XPIProvider
1493288509585	addons.xpi	DEBUG	shutdown
1493288509585	addons.xpi-utils	DEBUG	shutdown
1493288509586	addons.manager	DEBUG	Calling shutdown blocker for LightweightThemeManager
1493288509586	addons.manager	DEBUG	Calling shutdown blocker for GMPProvider
1493288509589	addons.manager	DEBUG	Calling shutdown blocker for PluginProvider
1493288509589	addons.manager	DEBUG	Calling shutdown blocker for <unnamed-provider>
1493288509591	addons.manager	DEBUG	Calling shutdown blocker for PreviousExperimentProvider
1493288509595	addons.xpi	DEBUG	Notifying XPI shutdown observers
1493288509601	addons.manager	DEBUG	Async provider shutdown done

Build info: version: '2.52.0', revision: '4c2593c', time: '2016-02-11 19:06:42'
System info: host: 'DESKTOP-57ECHB1', ip: '192.168.1.67', os.name: 'Windows 10', os.arch: 'amd64', os.version: '10.0', java.version: '1.8.0_60'
Driver info: driver.version: FirefoxDriver]]>
            </message>
            <full-stacktrace>
              <![CDATA[org.openqa.selenium.WebDriverException: Failed to connect to binary FirefoxBinary(C:\Program Files (x86)\Mozilla Firefox\firefox.exe) on port 7055; process output follows: 
	DEBUG	Calling bootstrap method startup on e10srollout@mozilla.org version 1.0
1493288499808	addons.xpi	DEBUG	Registering manifest for C:\Program Files (x86)\Mozilla Firefox\browser\features\firefox@getpocket.com.xpi
1493288499809	addons.xpi	DEBUG	Calling bootstrap method startup on firefox@getpocket.com version 1.0.2
1493288499810	addons.xpi	DEBUG	Registering manifest for C:\Program Files (x86)\Mozilla Firefox\browser\features\loop@mozilla.org.xpi
1493288499811	addons.xpi	DEBUG	Calling bootstrap method startup on loop@mozilla.org version 1.3.2
1493288499837	addons.xpi	DEBUG	Registering manifest for C:\Program Files (x86)\Mozilla Firefox\browser\features\websensehelper@mozilla.org.xpi
1493288499838	addons.xpi	DEBUG	Calling bootstrap method startup on websensehelper@mozilla.org version 1.0
1493288499842	addons.manager	DEBUG	Registering shutdown blocker for XPIProvider
1493288499842	addons.manager	DEBUG	Provider finished startup: XPIProvider
1493288499843	addons.manager	DEBUG	Starting provider: LightweightThemeManager
1493288499843	addons.manager	DEBUG	Registering shutdown blocker for LightweightThemeManager
1493288499843	addons.manager	DEBUG	Provider finished startup: LightweightThemeManager
1493288499844	addons.manager	DEBUG	Starting provider: GMPProvider
1493288499852	addons.manager	DEBUG	Registering shutdown blocker for GMPProvider
1493288499853	addons.manager	DEBUG	Provider finished startup: GMPProvider
1493288499853	addons.manager	DEBUG	Starting provider: PluginProvider
1493288499853	addons.manager	DEBUG	Registering shutdown blocker for PluginProvider
1493288499856	addons.manager	DEBUG	Provider finished startup: PluginProvider
1493288499857	addons.manager	DEBUG	Completed startup sequence
1493288501609	addons.manager	DEBUG	Starting provider: <unnamed-provider>
1493288501609	addons.manager	DEBUG	Registering shutdown blocker for <unnamed-provider>
1493288501609	addons.manager	DEBUG	Provider finished startup: <unnamed-provider>
1493288502087	DeferredSave.extensions.json	DEBUG	Write succeeded
1493288502088	addons.xpi-utils	DEBUG	XPI Database saved, setting schema version preference to 17
1493288502088	DeferredSave.extensions.json	DEBUG	Starting timer
1493288502123	DeferredSave.extensions.json	DEBUG	Starting write
1493288502146	addons.repository	DEBUG	No addons.json found.
1493288502147	DeferredSave.addons.json	DEBUG	Save changes
1493288502150	DeferredSave.addons.json	DEBUG	Starting timer
1493288502205	addons.manager	DEBUG	Starting provider: PreviousExperimentProvider
1493288502205	addons.manager	DEBUG	Registering shutdown blocker for PreviousExperimentProvider
1493288502205	addons.manager	DEBUG	Provider finished startup: PreviousExperimentProvider
1493288502211	DeferredSave.addons.json	DEBUG	Starting write
1493288502218	DeferredSave.extensions.json	DEBUG	Write succeeded
1493288502252	DeferredSave.addons.json	DEBUG	Write succeeded
1493288509213	addons.xpi	DEBUG	Calling bootstrap method shutdown on e10srollout@mozilla.org version 1.0
1493288509213	addons.xpi	DEBUG	Calling bootstrap method shutdown on firefox@getpocket.com version 1.0.2
1493288509214	addons.xpi	DEBUG	Calling bootstrap method shutdown on loop@mozilla.org version 1.3.2
1493288509217	addons.xpi	DEBUG	Calling bootstrap method shutdown on websensehelper@mozilla.org version 1.0
1493288509584	addons.manager	DEBUG	shutdown
1493288509585	addons.manager	DEBUG	Calling shutdown blocker for XPIProvider
1493288509585	addons.xpi	DEBUG	shutdown
1493288509585	addons.xpi-utils	DEBUG	shutdown
1493288509586	addons.manager	DEBUG	Calling shutdown blocker for LightweightThemeManager
1493288509586	addons.manager	DEBUG	Calling shutdown blocker for GMPProvider
1493288509589	addons.manager	DEBUG	Calling shutdown blocker for PluginProvider
1493288509589	addons.manager	DEBUG	Calling shutdown blocker for <unnamed-provider>
1493288509591	addons.manager	DEBUG	Calling shutdown blocker for PreviousExperimentProvider
1493288509595	addons.xpi	DEBUG	Notifying XPI shutdown observers
1493288509601	addons.manager	DEBUG	Async provider shutdown done

Build info: version: '2.52.0', revision: '4c2593c', time: '2016-02-11 19:06:42'
System info: host: 'DESKTOP-57ECHB1', ip: '192.168.1.67', os.name: 'Windows 10', os.arch: 'amd64', os.version: '10.0', java.version: '1.8.0_60'
Driver info: driver.version: FirefoxDriver
	at org.openqa.selenium.firefox.internal.NewProfileExtensionConnection.start(NewProfileExtensionConnection.java:124)
	at org.openqa.selenium.firefox.FirefoxDriver.startClient(FirefoxDriver.java:271)
	at org.openqa.selenium.remote.RemoteWebDriver.<init>(RemoteWebDriver.java:119)
	at org.openqa.selenium.firefox.FirefoxDriver.<init>(FirefoxDriver.java:218)
	at org.openqa.selenium.firefox.FirefoxDriver.<init>(FirefoxDriver.java:211)
	at org.openqa.selenium.firefox.FirefoxDriver.<init>(FirefoxDriver.java:207)
	at org.openqa.selenium.firefox.FirefoxDriver.<init>(FirefoxDriver.java:120)
	at pro1.prjct1.AppTest.launch(AppTest.java:23)
	at sun.reflect.NativeMethodAccessorImpl.invoke0(Native Method)
	at sun.reflect.NativeMethodAccessorImpl.invoke(Unknown Source)
	at sun.reflect.DelegatingMethodAccessorImpl.invoke(Unknown Source)
	at java.lang.reflect.Method.invoke(Unknown Source)
	at org.testng.internal.MethodInvocationHelper.invokeMethod(MethodInvocationHelper.java:85)
	at org.testng.internal.Invoker.invokeConfigurationMethod(Invoker.java:510)
	at org.testng.internal.Invoker.invokeConfigurations(Invoker.java:211)
	at org.testng.internal.Invoker.invokeConfigurations(Invoker.java:138)
	at org.testng.TestRunner.beforeRun(TestRunner.java:648)
	at org.testng.TestRunner.run(TestRunner.java:616)
	at org.testng.SuiteRunner.runTest(SuiteRunner.java:359)
	at org.testng.SuiteRunner.runSequentially(SuiteRunner.java:354)
	at org.testng.SuiteRunner.privateRun(SuiteRunner.java:312)
	at org.testng.SuiteRunner.run(SuiteRunner.java:261)
	at org.testng.SuiteRunnerWorker.runSuite(SuiteRunnerWorker.java:52)
	at org.testng.SuiteRunnerWorker.run(SuiteRunnerWorker.java:86)
	at org.testng.TestNG.runSuitesSequentially(TestNG.java:1215)
	at org.testng.TestNG.runSuitesLocally(TestNG.java:1140)
	at org.testng.TestNG.run(TestNG.java:1048)
	at org.testng.remote.AbstractRemoteTestNG.run(AbstractRemoteTestNG.java:132)
	at org.testng.remote.RemoteTestNG.initAndRun(RemoteTestNG.java:230)
	at org.testng.remote.RemoteTestNG.main(RemoteTestNG.java:76)
Caused by: org.openqa.selenium.firefox.NotConnectedException: Unable to connect to host 127.0.0.1 on port 7055 after 45000 ms. Firefox console output:
	DEBUG	Calling bootstrap method startup on e10srollout@mozilla.org version 1.0
1493288499808	addons.xpi	DEBUG	Registering manifest for C:\Program Files (x86)\Mozilla Firefox\browser\features\firefox@getpocket.com.xpi
1493288499809	addons.xpi	DEBUG	Calling bootstrap method startup on firefox@getpocket.com version 1.0.2
1493288499810	addons.xpi	DEBUG	Registering manifest for C:\Program Files (x86)\Mozilla Firefox\browser\features\loop@mozilla.org.xpi
1493288499811	addons.xpi	DEBUG	Calling bootstrap method startup on loop@mozilla.org version 1.3.2
1493288499837	addons.xpi	DEBUG	Registering manifest for C:\Program Files (x86)\Mozilla Firefox\browser\features\websensehelper@mozilla.org.xpi
1493288499838	addons.xpi	DEBUG	Calling bootstrap method startup on websensehelper@mozilla.org version 1.0
1493288499842	addons.manager	DEBUG	Registering shutdown blocker for XPIProvider
1493288499842	addons.manager	DEBUG	Provider finished startup: XPIProvider
1493288499843	addons.manager	DEBUG	Starting provider: LightweightThemeManager
1493288499843	addons.manager	DEBUG	Registering shutdown blocker for LightweightThemeManager
1493288499843	addons.manager	DEBUG	Provider finished startup: LightweightThemeManager
1493288499844	addons.manager	DEBUG	Starting provider: GMPProvider
1493288499852	addons.manager	DEBUG	Registering shutdown blocker for GMPProvider
1493288499853	addons.manager	DEBUG	Provider finished startup: GMPProvider
1493288499853	addons.manager	DEBUG	Starting provider: PluginProvider
1493288499853	addons.manager	DEBUG	Registering shutdown blocker for PluginProvider
1493288499856	addons.manager	DEBUG	Provider finished startup: PluginProvider
1493288499857	addons.manager	DEBUG	Completed startup sequence
1493288501609	addons.manager	DEBUG	Starting provider: <unnamed-provider>
1493288501609	addons.manager	DEBUG	Registering shutdown blocker for <unnamed-provider>
1493288501609	addons.manager	DEBUG	Provider finished startup: <unnamed-provider>
1493288502087	DeferredSave.extensions.json	DEBUG	Write succeeded
1493288502088	addons.xpi-utils	DEBUG	XPI Database saved, setting schema version preference to 17
1493288502088	DeferredSave.extensions.json	DEBUG	Starting timer
1493288502123	DeferredSave.extensions.json	DEBUG	Starting write
1493288502146	addons.repository	DEBUG	No addons.json found.
1493288502147	DeferredSave.addons.json	DEBUG	Save changes
1493288502150	DeferredSave.addons.json	DEBUG	Starting timer
1493288502205	addons.manager	DEBUG	Starting provider: PreviousExperimentProvider
1493288502205	addons.manager	DEBUG	Registering shutdown blocker for PreviousExperimentProvider
1493288502205	addons.manager	DEBUG	Provider finished startup: PreviousExperimentProvider
1493288502211	DeferredSave.addons.json	DEBUG	Starting write
1493288502218	DeferredSave.extensions.json	DEBUG	Write succeeded
1493288502252	DeferredSave.addons.json	DEBUG	Write succeeded
1493288509213	addons.xpi	DEBUG	Calling bootstrap method shutdown on e10srollout@mozilla.org version 1.0
1493288509213	addons.xpi	DEBUG	Calling bootstrap method shutdown on firefox@getpocket.com version 1.0.2
1493288509214	addons.xpi	DEBUG	Calling bootstrap method shutdown on loop@mozilla.org version 1.3.2
1493288509217	addons.xpi	DEBUG	Calling bootstrap method shutdown on websensehelper@mozilla.org version 1.0
1493288509584	addons.manager	DEBUG	shutdown
1493288509585	addons.manager	DEBUG	Calling shutdown blocker for XPIProvider
1493288509585	addons.xpi	DEBUG	shutdown
1493288509585	addons.xpi-utils	DEBUG	shutdown
1493288509586	addons.manager	DEBUG	Calling shutdown blocker for LightweightThemeManager
1493288509586	addons.manager	DEBUG	Calling shutdown blocker for GMPProvider
1493288509589	addons.manager	DEBUG	Calling shutdown blocker for PluginProvider
1493288509589	addons.manager	DEBUG	Calling shutdown blocker for <unnamed-provider>
1493288509591	addons.manager	DEBUG	Calling shutdown blocker for PreviousExperimentProvider
1493288509595	addons.xpi	DEBUG	Notifying XPI shutdown observers
1493288509601	addons.manager	DEBUG	Async provider shutdown done

	at org.openqa.selenium.firefox.internal.NewProfileExtensionConnection.start(NewProfileExtensionConnection.java:112)
	... 29 more
]]>
            </full-stacktrace>
          </exception> <!-- org.openqa.selenium.WebDriverException -->
          <reporter-output>
          </reporter-output>
        </test-method> <!-- launch -->
        <test-method status="SKIP" signature="test1()[pri:0, instance:pro1.prjct1.AppTest@2344fc66]" name="test1" duration-ms="0" started-at="2017-04-27T15:52:24Z" finished-at="2017-04-27T15:52:24Z">
          <reporter-output>
          </reporter-output>
        </test-method> <!-- test1 -->
        <test-method status="SKIP" signature="exit()[pri:0, instance:pro1.prjct1.AppTest@2344fc66]" name="exit" is-config="true" duration-ms="0" started-at="2017-04-27T15:52:24Z" finished-at="2017-04-27T15:52:24Z">
          <reporter-output>
          </reporter-output>
        </test-method> <!-- exit -->
      </class> <!-- pro1.prjct1.AppTest -->
    </test> <!-- Default test -->
  </suite> <!-- Default suite -->
</testng-results>
