<?xml version="1.0" encoding="UTF-8"?>
<!-- Generated by org.testng.reporters.JUnitXMLReporter -->
<testsuite hostname="DESKTOP-57ECHB1" name="Test2" tests="3" failures="0" timestamp="28 Apr 2017 08:18:13 GMT" time="0.035" errors="0">
  <testcase name="fun1" time="0.015" classname="com.QUTrust2.com.QUTrust2.clsexam2"/>
  <testcase name="fun3" time="0.0" classname="com.QUTrust2.com.QUTrust2.clsexam2"/>
  <testcase name="fun2" time="0.018" classname="com.QUTrust2.com.QUTrust2.clsexam2"/>
</testsuite> <!-- Test2 -->
