<?xml version="1.0" encoding="UTF-8"?>
<testng-results skipped="0" failed="0" ignored="0" total="1" passed="1">
  <reporter-output>
  </reporter-output>
  <suite name="Default suite" duration-ms="33867" started-at="2017-06-20T05:47:11Z" finished-at="2017-06-20T05:47:45Z">
    <groups>
    </groups>
    <test name="Default test" duration-ms="33867" started-at="2017-06-20T05:47:11Z" finished-at="2017-06-20T05:47:45Z">
      <class name="QutrustPanel.QutrustPanel.ScreenshootGoogle">
        <test-method status="PASS" signature="TestJavaS1()[pri:0, instance:QutrustPanel.QutrustPanel.ScreenshootGoogle@224edc67]" name="TestJavaS1" duration-ms="33827" started-at="2017-06-20T11:17:12Z" finished-at="2017-06-20T11:17:45Z">
          <reporter-output>
          </reporter-output>
        </test-method> <!-- TestJavaS1 -->
      </class> <!-- QutrustPanel.QutrustPanel.ScreenshootGoogle -->
    </test> <!-- Default test -->
  </suite> <!-- Default suite -->
</testng-results>
