<?xml version="1.0" encoding="UTF-8"?>
<testng-results skipped="0" failed="0" total="2" passed="2">
  <reporter-output>
  </reporter-output>
  <suite name="Default suite" duration-ms="19362" started-at="2017-03-29T06:50:54Z" finished-at="2017-03-29T06:51:14Z">
    <groups>
    </groups>
    <test name="Default test" duration-ms="19362" started-at="2017-03-29T06:50:54Z" finished-at="2017-03-29T06:51:14Z">
      <class name="com.QUTrust.QUTrust.FirstProject">
        <test-method status="PASS" signature="launchBrowser()[pri:0, instance:com.QUTrust.QUTrust.FirstProject@1efbd816]" name="launchBrowser" is-config="true" duration-ms="11485" started-at="2017-03-29T12:20:54Z" finished-at="2017-03-29T12:21:06Z">
          <reporter-output>
          </reporter-output>
        </test-method> <!-- launchBrowser -->
        <test-method status="PASS" signature="loginValid()[pri:1, instance:com.QUTrust.QUTrust.FirstProject@1efbd816]" name="loginValid" duration-ms="6608" started-at="2017-03-29T12:21:06Z" finished-at="2017-03-29T12:21:12Z">
          <reporter-output>
          </reporter-output>
        </test-method> <!-- loginValid -->
        <test-method status="PASS" signature="InvalidValid()[pri:2, instance:com.QUTrust.QUTrust.FirstProject@1efbd816]" name="InvalidValid" duration-ms="1244" started-at="2017-03-29T12:21:12Z" finished-at="2017-03-29T12:21:14Z">
          <reporter-output>
          </reporter-output>
        </test-method> <!-- InvalidValid -->
      </class> <!-- com.QUTrust.QUTrust.FirstProject -->
    </test> <!-- Default test -->
  </suite> <!-- Default suite -->
</testng-results>
